This file contains any messages produced by compilers while
running configure, to aid debugging if configure makes a mistake.

It was created by libnl configure 3.2.23, which was
generated by GNU Autoconf 2.69.  Invocation command line was

  $ ./configure --prefix=/home/zcq/ARM_kernel-5.3.18_driver_itop4412/01_RTL8XXX_WIFI/libnl-3.2.23/zcq_prefix --host=arm-linux-gnueabihf

## --------- ##
## Platform. ##
## --------- ##

hostname = zcq-ubuntu
uname -m = x86_64
uname -r = 5.11.0-44-generic
uname -s = Linux
uname -v = #48~20.04.2-Ubuntu SMP Tue Dec 14 15:36:44 UTC 2021

/usr/bin/uname -p = x86_64
/bin/uname -X     = unknown

/bin/arch              = x86_64
/usr/bin/arch -k       = unknown
/usr/convex/getsysinfo = unknown
/usr/bin/hostinfo      = unknown
/bin/machine           = unknown
/usr/bin/oslevel       = unknown
/bin/universe          = unknown

PATH: /home/zcq/Arm_tool_x86_64_linux/gcc-linaro-4.9.4-2017.01-x86_64_arm-linux-gnueabihf/bin
PATH: /home/zcq/.local/bin
PATH: /usr/local/sbin
PATH: /usr/local/bin
PATH: /usr/sbin
PATH: /usr/bin
PATH: /sbin
PATH: /bin
PATH: /usr/games
PATH: /usr/local/games
PATH: /snap/bin


## ----------- ##
## Core tests. ##
## ----------- ##

configure:2202: checking for a BSD-compatible install
configure:2270: result: /usr/bin/install -c
configure:2281: checking whether build environment is sane
configure:2336: result: yes
configure:2393: checking for arm-linux-gnueabihf-strip
configure:2409: found /home/zcq/Arm_tool_x86_64_linux/gcc-linaro-4.9.4-2017.01-x86_64_arm-linux-gnueabihf/bin/arm-linux-gnueabihf-strip
configure:2420: result: arm-linux-gnueabihf-strip
configure:2485: checking for a thread-safe mkdir -p
configure:2524: result: /usr/bin/mkdir -p
configure:2531: checking for gawk
configure:2547: found /usr/bin/gawk
configure:2558: result: gawk
configure:2569: checking whether make sets $(MAKE)
configure:2591: result: yes
configure:2620: checking whether make supports nested variables
configure:2637: result: yes
configure:2732: checking whether make supports nested variables
configure:2749: result: yes
configure:2772: checking for style of include used by make
configure:2800: result: GNU
configure:2831: checking for arm-linux-gnueabihf-gcc
configure:2847: found /home/zcq/Arm_tool_x86_64_linux/gcc-linaro-4.9.4-2017.01-x86_64_arm-linux-gnueabihf/bin/arm-linux-gnueabihf-gcc
configure:2858: result: arm-linux-gnueabihf-gcc
configure:3127: checking for C compiler version
configure:3136: arm-linux-gnueabihf-gcc --version >&5
arm-linux-gnueabihf-gcc (Linaro GCC 4.9-2017.01) 4.9.4
Copyright (C) 2015 Free Software Foundation, Inc.
This is free software; see the source for copying conditions.  There is NO
warranty; not even for MERCHANTABILITY or FITNESS FOR A PARTICULAR PURPOSE.

configure:3147: $? = 0
configure:3136: arm-linux-gnueabihf-gcc -v >&5
Using built-in specs.
COLLECT_GCC=arm-linux-gnueabihf-gcc
COLLECT_LTO_WRAPPER=/home/zcq/Arm_tool_x86_64_linux/gcc-linaro-4.9.4-2017.01-x86_64_arm-linux-gnueabihf/bin/../libexec/gcc/arm-linux-gnueabihf/4.9.4/lto-wrapper
Target: arm-linux-gnueabihf
Configured with: /home/tcwg-buildslave/workspace/tcwg-make-release/label/docker-trusty-amd64-tcwg-build/target/arm-linux-gnueabihf/snapshots/gcc-linaro-4.9-2017.01/configure SHELL=/bin/bash --with-mpc=/home/tcwg-buildslave/workspace/tcwg-make-release/label/docker-trusty-amd64-tcwg-build/target/arm-linux-gnueabihf/_build/builds/destdir/x86_64-unknown-linux-gnu --with-mpfr=/home/tcwg-buildslave/workspace/tcwg-make-release/label/docker-trusty-amd64-tcwg-build/target/arm-linux-gnueabihf/_build/builds/destdir/x86_64-unknown-linux-gnu --with-gmp=/home/tcwg-buildslave/workspace/tcwg-make-release/label/docker-trusty-amd64-tcwg-build/target/arm-linux-gnueabihf/_build/builds/destdir/x86_64-unknown-linux-gnu --with-gnu-as --with-gnu-ld --disable-libmudflap --enable-lto --enable-objc-gc --enable-shared --without-included-gettext --enable-nls --disable-sjlj-exceptions --enable-gnu-unique-object --enable-linker-build-id --disable-libstdcxx-pch --enable-c99 --enable-clocale=gnu --enable-libstdcxx-debug --enable-long-long --with-cloog=no --with-ppl=no --with-isl=no --disable-multilib --with-float=hard --with-mode=thumb --with-tune=cortex-a9 --with-arch=armv7-a --with-fpu=vfpv3-d16 --enable-threads=posix --enable-multiarch --enable-libstdcxx-time=yes --with-build-sysroot=/home/tcwg-buildslave/workspace/tcwg-make-release/label/docker-trusty-amd64-tcwg-build/target/arm-linux-gnueabihf/_build/sysroots/arm-linux-gnueabihf --with-sysroot=/home/tcwg-buildslave/workspace/tcwg-make-release/label/docker-trusty-amd64-tcwg-build/target/arm-linux-gnueabihf/_build/builds/destdir/x86_64-unknown-linux-gnu/arm-linux-gnueabihf/libc --enable-checking=release --disable-bootstrap --enable-languages=c,c++,fortran,lto --build=x86_64-unknown-linux-gnu --host=x86_64-unknown-linux-gnu --target=arm-linux-gnueabihf --prefix=/home/tcwg-buildslave/workspace/tcwg-make-release/label/docker-trusty-amd64-tcwg-build/target/arm-linux-gnueabihf/_build/builds/destdir/x86_64-unknown-linux-gnu
Thread model: posix
gcc version 4.9.4 (Linaro GCC 4.9-2017.01) 
configure:3147: $? = 0
configure:3136: arm-linux-gnueabihf-gcc -V >&5
arm-linux-gnueabihf-gcc: error: unrecognized command line option '-V'
arm-linux-gnueabihf-gcc: fatal error: no input files
compilation terminated.
configure:3147: $? = 1
configure:3136: arm-linux-gnueabihf-gcc -qversion >&5
arm-linux-gnueabihf-gcc: error: unrecognized command line option '-qversion'
arm-linux-gnueabihf-gcc: fatal error: no input files
compilation terminated.
configure:3147: $? = 1
configure:3167: checking whether the C compiler works
configure:3189: arm-linux-gnueabihf-gcc    conftest.c  >&5
configure:3193: $? = 0
configure:3241: result: yes
configure:3244: checking for C compiler default output file name
configure:3246: result: a.out
configure:3252: checking for suffix of executables
configure:3259: arm-linux-gnueabihf-gcc -o conftest    conftest.c  >&5
configure:3263: $? = 0
configure:3285: result: 
configure:3307: checking whether we are cross compiling
configure:3315: arm-linux-gnueabihf-gcc -o conftest    conftest.c  >&5
configure:3319: $? = 0
configure:3326: ./conftest
/lib/ld-linux-armhf.so.3: No such file or directory
configure:3330: $? = 255
configure:3318: result: yes
configure:3323: checking for suffix of object files
configure:3345: arm-linux-gnueabihf-gcc -c   conftest.c >&5
configure:3349: $? = 0
configure:3370: result: o
configure:3374: checking whether we are using the GNU C compiler
configure:3393: arm-linux-gnueabihf-gcc -c   conftest.c >&5
configure:3393: $? = 0
configure:3402: result: yes
configure:3411: checking whether arm-linux-gnueabihf-gcc accepts -g
configure:3431: arm-linux-gnueabihf-gcc -c -g  conftest.c >&5
configure:3431: $? = 0
configure:3472: result: yes
configure:3489: checking for arm-linux-gnueabihf-gcc option to accept ISO C89
configure:3552: arm-linux-gnueabihf-gcc  -c -g -O2  conftest.c >&5
configure:3552: $? = 0
configure:3565: result: none needed
configure:3587: checking dependency style of arm-linux-gnueabihf-gcc
configure:3698: result: gcc3
configure:3719: checking for arm-linux-gnueabihf-ar
configure:3735: found /home/zcq/Arm_tool_x86_64_linux/gcc-linaro-4.9.4-2017.01-x86_64_arm-linux-gnueabihf/bin/arm-linux-gnueabihf-ar
configure:3746: result: arm-linux-gnueabihf-ar
configure:3816: checking the archiver (arm-linux-gnueabihf-ar) interface
configure:3826: arm-linux-gnueabihf-gcc -c -g -O2  conftest.c >&5
configure:3826: $? = 0
configure:3828: arm-linux-gnueabihf-ar cru libconftest.a conftest.o >&5
configure:3831: $? = 0
configure:3830: result: ar
configure:3875: checking for arm-linux-gnueabihf-gcc
configure:3902: result: arm-linux-gnueabihf-gcc
configure:4171: checking for C compiler version
configure:4180: arm-linux-gnueabihf-gcc --version >&5
arm-linux-gnueabihf-gcc (Linaro GCC 4.9-2017.01) 4.9.4
Copyright (C) 2015 Free Software Foundation, Inc.
This is free software; see the source for copying conditions.  There is NO
warranty; not even for MERCHANTABILITY or FITNESS FOR A PARTICULAR PURPOSE.

configure:4191: $? = 0
configure:4180: arm-linux-gnueabihf-gcc -v >&5
Using built-in specs.
COLLECT_GCC=arm-linux-gnueabihf-gcc
COLLECT_LTO_WRAPPER=/home/zcq/Arm_tool_x86_64_linux/gcc-linaro-4.9.4-2017.01-x86_64_arm-linux-gnueabihf/bin/../libexec/gcc/arm-linux-gnueabihf/4.9.4/lto-wrapper
Target: arm-linux-gnueabihf
Configured with: /home/tcwg-buildslave/workspace/tcwg-make-release/label/docker-trusty-amd64-tcwg-build/target/arm-linux-gnueabihf/snapshots/gcc-linaro-4.9-2017.01/configure SHELL=/bin/bash --with-mpc=/home/tcwg-buildslave/workspace/tcwg-make-release/label/docker-trusty-amd64-tcwg-build/target/arm-linux-gnueabihf/_build/builds/destdir/x86_64-unknown-linux-gnu --with-mpfr=/home/tcwg-buildslave/workspace/tcwg-make-release/label/docker-trusty-amd64-tcwg-build/target/arm-linux-gnueabihf/_build/builds/destdir/x86_64-unknown-linux-gnu --with-gmp=/home/tcwg-buildslave/workspace/tcwg-make-release/label/docker-trusty-amd64-tcwg-build/target/arm-linux-gnueabihf/_build/builds/destdir/x86_64-unknown-linux-gnu --with-gnu-as --with-gnu-ld --disable-libmudflap --enable-lto --enable-objc-gc --enable-shared --without-included-gettext --enable-nls --disable-sjlj-exceptions --enable-gnu-unique-object --enable-linker-build-id --disable-libstdcxx-pch --enable-c99 --enable-clocale=gnu --enable-libstdcxx-debug --enable-long-long --with-cloog=no --with-ppl=no --with-isl=no --disable-multilib --with-float=hard --with-mode=thumb --with-tune=cortex-a9 --with-arch=armv7-a --with-fpu=vfpv3-d16 --enable-threads=posix --enable-multiarch --enable-libstdcxx-time=yes --with-build-sysroot=/home/tcwg-buildslave/workspace/tcwg-make-release/label/docker-trusty-amd64-tcwg-build/target/arm-linux-gnueabihf/_build/sysroots/arm-linux-gnueabihf --with-sysroot=/home/tcwg-buildslave/workspace/tcwg-make-release/label/docker-trusty-amd64-tcwg-build/target/arm-linux-gnueabihf/_build/builds/destdir/x86_64-unknown-linux-gnu/arm-linux-gnueabihf/libc --enable-checking=release --disable-bootstrap --enable-languages=c,c++,fortran,lto --build=x86_64-unknown-linux-gnu --host=x86_64-unknown-linux-gnu --target=arm-linux-gnueabihf --prefix=/home/tcwg-buildslave/workspace/tcwg-make-release/label/docker-trusty-amd64-tcwg-build/target/arm-linux-gnueabihf/_build/builds/destdir/x86_64-unknown-linux-gnu
Thread model: posix
gcc version 4.9.4 (Linaro GCC 4.9-2017.01) 
configure:4191: $? = 0
configure:4180: arm-linux-gnueabihf-gcc -V >&5
arm-linux-gnueabihf-gcc: error: unrecognized command line option '-V'
arm-linux-gnueabihf-gcc: fatal error: no input files
compilation terminated.
configure:4191: $? = 1
configure:4180: arm-linux-gnueabihf-gcc -qversion >&5
arm-linux-gnueabihf-gcc: error: unrecognized command line option '-qversion'
arm-linux-gnueabihf-gcc: fatal error: no input files
compilation terminated.
configure:4191: $? = 1
configure:4195: checking whether we are using the GNU C compiler
configure:4223: result: yes
configure:4232: checking whether arm-linux-gnueabihf-gcc accepts -g
configure:4293: result: yes
configure:4310: checking for arm-linux-gnueabihf-gcc option to accept ISO C89
configure:4386: result: none needed
configure:4408: checking dependency style of arm-linux-gnueabihf-gcc
configure:4519: result: gcc3
configure:4535: checking whether arm-linux-gnueabihf-gcc and cc understand -c and -o together
configure:4566: arm-linux-gnueabihf-gcc -c conftest.c -o conftest2.o >&5
configure:4570: $? = 0
configure:4576: arm-linux-gnueabihf-gcc -c conftest.c -o conftest2.o >&5
configure:4580: $? = 0
configure:4591: cc -c conftest.c >&5
configure:4595: $? = 0
configure:4603: cc -c conftest.c -o conftest2.o >&5
configure:4607: $? = 0
configure:4613: cc -c conftest.c -o conftest2.o >&5
configure:4617: $? = 0
configure:4635: result: yes
configure:4690: checking build system type
configure:4704: result: x86_64-unknown-linux-gnu
configure:4724: checking host system type
configure:4737: result: arm-unknown-linux-gnueabihf
configure:4778: checking how to print strings
configure:4805: result: printf
configure:4826: checking for a sed that does not truncate output
configure:4890: result: /usr/bin/sed
configure:4908: checking for grep that handles long lines and -e
configure:4966: result: /usr/bin/grep
configure:4971: checking for egrep
configure:5033: result: /usr/bin/grep -E
configure:5038: checking for fgrep
configure:5100: result: /usr/bin/grep -F
configure:5135: checking for ld used by arm-linux-gnueabihf-gcc
configure:5202: result: /home/zcq/Arm_tool_x86_64_linux/gcc-linaro-4.9.4-2017.01-x86_64_arm-linux-gnueabihf/arm-linux-gnueabihf/bin/ld
configure:5209: checking if the linker (/home/zcq/Arm_tool_x86_64_linux/gcc-linaro-4.9.4-2017.01-x86_64_arm-linux-gnueabihf/arm-linux-gnueabihf/bin/ld) is GNU ld
configure:5224: result: yes
configure:5236: checking for BSD- or MS-compatible name lister (nm)
configure:5285: result: /home/zcq/Arm_tool_x86_64_linux/gcc-linaro-4.9.4-2017.01-x86_64_arm-linux-gnueabihf/bin/arm-linux-gnueabihf-nm -B
configure:5415: checking the name lister (/home/zcq/Arm_tool_x86_64_linux/gcc-linaro-4.9.4-2017.01-x86_64_arm-linux-gnueabihf/bin/arm-linux-gnueabihf-nm -B) interface
configure:5422: arm-linux-gnueabihf-gcc -c -g -O2  conftest.c >&5
configure:5425: /home/zcq/Arm_tool_x86_64_linux/gcc-linaro-4.9.4-2017.01-x86_64_arm-linux-gnueabihf/bin/arm-linux-gnueabihf-nm -B "conftest.o"
configure:5428: output
00000000 B some_variable
configure:5429: result: BSD nm
configure:5432: checking whether ln -s works
configure:5436: result: yes
configure:5444: checking the maximum length of command line arguments
configure:5574: result: 1572864
configure:5591: checking whether the shell understands some XSI constructs
configure:5600: result: yes
configure:5604: checking whether the shell understands "+="
configure:5608: result: yes
configure:5643: checking how to convert x86_64-unknown-linux-gnu file names to arm-unknown-linux-gnueabihf format
configure:5683: result: func_convert_file_noop
configure:5690: checking how to convert x86_64-unknown-linux-gnu file names to toolchain format
configure:5710: result: func_convert_file_noop
configure:5717: checking for /home/zcq/Arm_tool_x86_64_linux/gcc-linaro-4.9.4-2017.01-x86_64_arm-linux-gnueabihf/arm-linux-gnueabihf/bin/ld option to reload object files
configure:5724: result: -r
configure:5758: checking for arm-linux-gnueabihf-objdump
configure:5774: found /home/zcq/Arm_tool_x86_64_linux/gcc-linaro-4.9.4-2017.01-x86_64_arm-linux-gnueabihf/bin/arm-linux-gnueabihf-objdump
configure:5785: result: arm-linux-gnueabihf-objdump
configure:5857: checking how to recognize dependent libraries
configure:6059: result: pass_all
configure:6104: checking for arm-linux-gnueabihf-dlltool
configure:6134: result: no
configure:6144: checking for dlltool
configure:6174: result: no
configure:6204: checking how to associate runtime and link libraries
configure:6231: result: printf %s\n
configure:6247: checking for arm-linux-gnueabihf-ar
configure:6274: result: arm-linux-gnueabihf-ar
configure:6355: checking for archiver @FILE support
configure:6372: arm-linux-gnueabihf-gcc -c -g -O2  conftest.c >&5
configure:6372: $? = 0
configure:6375: arm-linux-gnueabihf-ar cru libconftest.a @conftest.lst >&5
configure:6378: $? = 0
configure:6383: arm-linux-gnueabihf-ar cru libconftest.a @conftest.lst >&5
arm-linux-gnueabihf-ar: conftest.o: No such file or directory
configure:6386: $? = 1
configure:6385: result: @
configure:6403: checking for arm-linux-gnueabihf-strip
configure:6430: result: arm-linux-gnueabihf-strip
configure:6502: checking for arm-linux-gnueabihf-ranlib
configure:6518: found /home/zcq/Arm_tool_x86_64_linux/gcc-linaro-4.9.4-2017.01-x86_64_arm-linux-gnueabihf/bin/arm-linux-gnueabihf-ranlib
configure:6529: result: arm-linux-gnueabihf-ranlib
configure:6671: checking command to parse /home/zcq/Arm_tool_x86_64_linux/gcc-linaro-4.9.4-2017.01-x86_64_arm-linux-gnueabihf/bin/arm-linux-gnueabihf-nm -B output from arm-linux-gnueabihf-gcc object
configure:6791: arm-linux-gnueabihf-gcc -c -g -O2  conftest.c >&5
configure:6794: $? = 0
configure:6798: /home/zcq/Arm_tool_x86_64_linux/gcc-linaro-4.9.4-2017.01-x86_64_arm-linux-gnueabihf/bin/arm-linux-gnueabihf-nm -B conftest.o \| sed -n -e 's/^.*[ ]\([ABCDGIRSTW][ABCDGIRSTW]*\)[ ][ ]*\([_A-Za-z][_A-Za-z0-9]*\)$/\1 \2 \2/p' | sed '/ __gnu_lto/d' \> conftest.nm
configure:6801: $? = 0
configure:6867: arm-linux-gnueabihf-gcc -o conftest -g -O2   conftest.c conftstm.o >&5
configure:6870: $? = 0
configure:6908: result: ok
configure:6945: checking for sysroot
configure:6975: result: no
configure:7191: checking for arm-linux-gnueabihf-mt
configure:7221: result: no
configure:7231: checking for mt
configure:7247: found /usr/bin/mt
configure:7258: result: mt
configure:7270: WARNING: using cross tools not prefixed with host triplet
configure:7281: checking if mt is a manifest tool
configure:7287: mt '-?'
configure:7295: result: no
configure:7937: checking how to run the C preprocessor
configure:7968: arm-linux-gnueabihf-gcc -E  conftest.c
configure:7968: $? = 0
configure:7982: arm-linux-gnueabihf-gcc -E  conftest.c
conftest.c:11:28: fatal error: ac_nonexistent.h: No such file or directory
 #include <ac_nonexistent.h>
                            ^
compilation terminated.
configure:7982: $? = 1
configure: failed program was:
| /* confdefs.h */
| #define PACKAGE_NAME "libnl"
| #define PACKAGE_TARNAME "libnl"
| #define PACKAGE_VERSION "3.2.23"
| #define PACKAGE_STRING "libnl 3.2.23"
| #define PACKAGE_BUGREPORT ""
| #define PACKAGE_URL "http://www.infradead.org/~tgr/libnl/"
| #define PACKAGE "libnl"
| #define VERSION "3.2.23"
| /* end confdefs.h.  */
| #include <ac_nonexistent.h>
configure:8007: result: arm-linux-gnueabihf-gcc -E
configure:8027: arm-linux-gnueabihf-gcc -E  conftest.c
configure:8027: $? = 0
configure:8041: arm-linux-gnueabihf-gcc -E  conftest.c
conftest.c:11:28: fatal error: ac_nonexistent.h: No such file or directory
 #include <ac_nonexistent.h>
                            ^
compilation terminated.
configure:8041: $? = 1
configure: failed program was:
| /* confdefs.h */
| #define PACKAGE_NAME "libnl"
| #define PACKAGE_TARNAME "libnl"
| #define PACKAGE_VERSION "3.2.23"
| #define PACKAGE_STRING "libnl 3.2.23"
| #define PACKAGE_BUGREPORT ""
| #define PACKAGE_URL "http://www.infradead.org/~tgr/libnl/"
| #define PACKAGE "libnl"
| #define VERSION "3.2.23"
| /* end confdefs.h.  */
| #include <ac_nonexistent.h>
configure:8070: checking for ANSI C header files
configure:8090: arm-linux-gnueabihf-gcc -c -g -O2  conftest.c >&5
configure:8090: $? = 0
configure:8174: result: yes
configure:8187: checking for sys/types.h
configure:8187: arm-linux-gnueabihf-gcc -c -g -O2  conftest.c >&5
configure:8187: $? = 0
configure:8187: result: yes
configure:8187: checking for sys/stat.h
configure:8187: arm-linux-gnueabihf-gcc -c -g -O2  conftest.c >&5
configure:8187: $? = 0
configure:8187: result: yes
configure:8187: checking for stdlib.h
configure:8187: arm-linux-gnueabihf-gcc -c -g -O2  conftest.c >&5
configure:8187: $? = 0
configure:8187: result: yes
configure:8187: checking for string.h
configure:8187: arm-linux-gnueabihf-gcc -c -g -O2  conftest.c >&5
configure:8187: $? = 0
configure:8187: result: yes
configure:8187: checking for memory.h
configure:8187: arm-linux-gnueabihf-gcc -c -g -O2  conftest.c >&5
configure:8187: $? = 0
configure:8187: result: yes
configure:8187: checking for strings.h
configure:8187: arm-linux-gnueabihf-gcc -c -g -O2  conftest.c >&5
configure:8187: $? = 0
configure:8187: result: yes
configure:8187: checking for inttypes.h
configure:8187: arm-linux-gnueabihf-gcc -c -g -O2  conftest.c >&5
configure:8187: $? = 0
configure:8187: result: yes
configure:8187: checking for stdint.h
configure:8187: arm-linux-gnueabihf-gcc -c -g -O2  conftest.c >&5
configure:8187: $? = 0
configure:8187: result: yes
configure:8187: checking for unistd.h
configure:8187: arm-linux-gnueabihf-gcc -c -g -O2  conftest.c >&5
configure:8187: $? = 0
configure:8187: result: yes
configure:8201: checking for dlfcn.h
configure:8201: arm-linux-gnueabihf-gcc -c -g -O2  conftest.c >&5
configure:8201: $? = 0
configure:8201: result: yes
configure:8407: checking for objdir
configure:8422: result: .libs
configure:8693: checking if arm-linux-gnueabihf-gcc supports -fno-rtti -fno-exceptions
configure:8711: arm-linux-gnueabihf-gcc -c -g -O2  -fno-rtti -fno-exceptions conftest.c >&5
cc1: warning: command line option '-fno-rtti' is valid for C++/ObjC++ but not for C
configure:8715: $? = 0
configure:8728: result: no
configure:9055: checking for arm-linux-gnueabihf-gcc option to produce PIC
configure:9062: result: -fPIC -DPIC
configure:9070: checking if arm-linux-gnueabihf-gcc PIC flag -fPIC -DPIC works
configure:9088: arm-linux-gnueabihf-gcc -c -g -O2  -fPIC -DPIC -DPIC conftest.c >&5
configure:9092: $? = 0
configure:9105: result: yes
configure:9134: checking if arm-linux-gnueabihf-gcc static flag -static works
configure:9162: result: yes
configure:9177: checking if arm-linux-gnueabihf-gcc supports -c -o file.o
configure:9198: arm-linux-gnueabihf-gcc -c -g -O2  -o out/conftest2.o conftest.c >&5
configure:9202: $? = 0
configure:9224: result: yes
configure:9232: checking if arm-linux-gnueabihf-gcc supports -c -o file.o
configure:9279: result: yes
configure:9312: checking whether the arm-linux-gnueabihf-gcc linker (/home/zcq/Arm_tool_x86_64_linux/gcc-linaro-4.9.4-2017.01-x86_64_arm-linux-gnueabihf/arm-linux-gnueabihf/bin/ld) supports shared libraries
configure:10465: result: yes
configure:10502: checking whether -lc should be explicitly linked in
configure:10510: arm-linux-gnueabihf-gcc -c -g -O2  conftest.c >&5
configure:10513: $? = 0
configure:10528: arm-linux-gnueabihf-gcc -shared  -fPIC -DPIC conftest.o  -v -Wl,-soname -Wl,conftest -o conftest 2\>\&1 \| /usr/bin/grep  -lc  \>/dev/null 2\>\&1
configure:10531: $? = 0
configure:10545: result: no
configure:10705: checking dynamic linker characteristics
configure:11216: arm-linux-gnueabihf-gcc -o conftest -g -O2   -Wl,-rpath -Wl,/foo conftest.c  >&5
configure:11216: $? = 0
configure:11442: result: GNU/Linux ld.so
configure:11549: checking how to hardcode library paths into programs
configure:11574: result: immediate
configure:12114: checking whether stripping libraries is possible
configure:12119: result: yes
configure:12154: checking if libtool supports shared libraries
configure:12156: result: yes
configure:12159: checking whether to build shared libraries
configure:12180: result: yes
configure:12183: checking whether to build static libraries
configure:12187: result: yes
configure:9234: checking for flex
configure:9250: found /usr/bin/flex
configure:9261: result: flex
configure:9276: checking for bison
configure:9292: found /usr/bin/bison
configure:9303: result: bison -y
configure:9315: checking for an ANSI C-conforming const
configure:9381: arm-linux-gnueabihf-gcc -c -g -O2  conftest.c >&5
configure:9381: $? = 0
configure:9388: result: yes
configure:9396: checking for inline
configure:9412: arm-linux-gnueabihf-gcc -c -g -O2  conftest.c >&5
configure:9412: $? = 0
configure:9420: result: inline
configure:9450: checking for arm-linux-gnueabihf-pkg-config
configure:9483: result: no
configure:9493: checking for pkg-config
configure:9511: found /usr/bin/pkg-config
configure:9523: result: /usr/bin/pkg-config
configure:9548: checking pkg-config is at least version 0.9.0
configure:9551: result: yes
configure:9561: checking for CHECK
configure:9568: $PKG_CONFIG --exists --print-errors "check >= 0.9.0"
Package check was not found in the pkg-config search path.
Perhaps you should add the directory containing `check.pc'
to the PKG_CONFIG_PATH environment variable
No package 'check' found
configure:9571: $? = 1
configure:9585: $PKG_CONFIG --exists --print-errors "check >= 0.9.0"
Package check was not found in the pkg-config search path.
Perhaps you should add the directory containing `check.pc'
to the PKG_CONFIG_PATH environment variable
No package 'check' found
configure:9588: $? = 1
configure:9602: result: no
No package 'check' found
configure:9618: WARNING: *** Disabling building of unit tests
configure:9702: checking for pow in -lm
configure:9727: arm-linux-gnueabihf-gcc -o conftest -g -O2   conftest.c -lm   >&5
conftest.c:30:6: warning: conflicting types for built-in function 'pow'
 char pow ();
      ^
configure:9727: $? = 0
configure:9736: result: yes
configure:9755: checking for pthread_mutex_lock in -lpthread
configure:9780: arm-linux-gnueabihf-gcc -o conftest -g -O2   conftest.c -lpthread  -lm  >&5
configure:9780: $? = 0
configure:9789: result: yes
configure:9934: checking that generated files are newer than configure
configure:9940: result: done
configure:9983: creating ./config.status

## ---------------------- ##
## Running config.status. ##
## ---------------------- ##

This file was extended by libnl config.status 3.2.23, which was
generated by GNU Autoconf 2.69.  Invocation command line was

  CONFIG_FILES    = 
  CONFIG_HEADERS  = 
  CONFIG_LINKS    = 
  CONFIG_COMMANDS = 
  $ ./config.status 

on zcq-ubuntu

config.status:1122: creating Makefile
config.status:1122: creating libnl.sym
config.status:1122: creating libnl-3.0.pc
config.status:1122: creating libnl-route-3.0.pc
config.status:1122: creating libnl-genl-3.0.pc
config.status:1122: creating libnl-nf-3.0.pc
config.status:1122: creating libnl-cli-3.0.pc
config.status:1122: creating lib/Makefile
config.status:1122: creating include/Makefile
config.status:1122: creating src/Makefile
config.status:1122: creating src/lib/Makefile
config.status:1122: creating tests/Makefile
config.status:1122: creating man/Makefile
config.status:1122: creating python/Makefile
config.status:1122: creating python/setup.py
config.status:1122: creating python/netlink/Makefile
config.status:1122: creating python/netlink/genl/Makefile
config.status:1122: creating python/netlink/route/Makefile
config.status:1122: creating include/netlink/version.h
config.status:1122: creating lib/defs.h
config.status:1351: executing depfiles commands
config.status:1351: executing libtool commands

## ---------------- ##
## Cache variables. ##
## ---------------- ##

ac_cv_build=x86_64-unknown-linux-gnu
ac_cv_c_compiler_gnu=yes
ac_cv_c_const=yes
ac_cv_c_inline=inline
ac_cv_env_CC_set=
ac_cv_env_CC_value=
ac_cv_env_CFLAGS_set=
ac_cv_env_CFLAGS_value=
ac_cv_env_CHECK_CFLAGS_set=
ac_cv_env_CHECK_CFLAGS_value=
ac_cv_env_CHECK_LIBS_set=
ac_cv_env_CHECK_LIBS_value=
ac_cv_env_CPPFLAGS_set=
ac_cv_env_CPPFLAGS_value=
ac_cv_env_CPP_set=
ac_cv_env_CPP_value=
ac_cv_env_LDFLAGS_set=
ac_cv_env_LDFLAGS_value=
ac_cv_env_LIBS_set=
ac_cv_env_LIBS_value=
ac_cv_env_PKG_CONFIG_LIBDIR_set=
ac_cv_env_PKG_CONFIG_LIBDIR_value=
ac_cv_env_PKG_CONFIG_PATH_set=
ac_cv_env_PKG_CONFIG_PATH_value=
ac_cv_env_PKG_CONFIG_set=
ac_cv_env_PKG_CONFIG_value=
ac_cv_env_build_alias_set=
ac_cv_env_build_alias_value=
ac_cv_env_host_alias_set=set
ac_cv_env_host_alias_value=arm-linux-gnueabihf
ac_cv_env_target_alias_set=
ac_cv_env_target_alias_value=
ac_cv_header_dlfcn_h=yes
ac_cv_header_inttypes_h=yes
ac_cv_header_memory_h=yes
ac_cv_header_stdc=yes
ac_cv_header_stdint_h=yes
ac_cv_header_stdlib_h=yes
ac_cv_header_string_h=yes
ac_cv_header_strings_h=yes
ac_cv_header_sys_stat_h=yes
ac_cv_header_sys_types_h=yes
ac_cv_header_unistd_h=yes
ac_cv_host=arm-unknown-linux-gnueabihf
ac_cv_lib_m_pow=yes
ac_cv_lib_pthread_pthread_mutex_lock=yes
ac_cv_objext=o
ac_cv_path_EGREP='/usr/bin/grep -E'
ac_cv_path_FGREP='/usr/bin/grep -F'
ac_cv_path_GREP=/usr/bin/grep
ac_cv_path_SED=/usr/bin/sed
ac_cv_path_ac_pt_PKG_CONFIG=/usr/bin/pkg-config
ac_cv_path_install='/usr/bin/install -c'
ac_cv_path_mkdir=/usr/bin/mkdir
ac_cv_prog_AR=arm-linux-gnueabihf-ar
ac_cv_prog_AWK=gawk
ac_cv_prog_CC=arm-linux-gnueabihf-gcc
ac_cv_prog_CPP='arm-linux-gnueabihf-gcc -E'
ac_cv_prog_FLEX=flex
ac_cv_prog_OBJDUMP=arm-linux-gnueabihf-objdump
ac_cv_prog_RANLIB=arm-linux-gnueabihf-ranlib
ac_cv_prog_STRIP=arm-linux-gnueabihf-strip
ac_cv_prog_YACC='bison -y'
ac_cv_prog_ac_ct_MANIFEST_TOOL=mt
ac_cv_prog_cc_arm_linux_gnueabihf_gcc_c_o=yes
ac_cv_prog_cc_c89=
ac_cv_prog_cc_g=yes
ac_cv_prog_make_make_set=yes
am_cv_CC_dependencies_compiler_type=gcc3
am_cv_ar_interface=ar
am_cv_make_support_nested_variables=yes
lt_cv_ar_at_file=@
lt_cv_archive_cmds_need_lc=no
lt_cv_deplibs_check_method=pass_all
lt_cv_file_magic_cmd='$MAGIC_CMD'
lt_cv_file_magic_test_file=
lt_cv_ld_reload_flag=-r
lt_cv_nm_interface='BSD nm'
lt_cv_objdir=.libs
lt_cv_path_LD=/home/zcq/Arm_tool_x86_64_linux/gcc-linaro-4.9.4-2017.01-x86_64_arm-linux-gnueabihf/arm-linux-gnueabihf/bin/ld
lt_cv_path_NM='/home/zcq/Arm_tool_x86_64_linux/gcc-linaro-4.9.4-2017.01-x86_64_arm-linux-gnueabihf/bin/arm-linux-gnueabihf-nm -B'
lt_cv_path_mainfest_tool=no
lt_cv_prog_compiler_c_o=yes
lt_cv_prog_compiler_pic='-fPIC -DPIC'
lt_cv_prog_compiler_pic_works=yes
lt_cv_prog_compiler_rtti_exceptions=no
lt_cv_prog_compiler_static_works=yes
lt_cv_prog_gnu_ld=yes
lt_cv_sharedlib_from_linklib_cmd='printf %s\n'
lt_cv_shlibpath_overrides_runpath=no
lt_cv_sys_global_symbol_pipe='sed -n -e '\''s/^.*[	 ]\([ABCDGIRSTW][ABCDGIRSTW]*\)[	 ][	 ]*\([_A-Za-z][_A-Za-z0-9]*\)$/\1 \2 \2/p'\'' | sed '\''/ __gnu_lto/d'\'''
lt_cv_sys_global_symbol_to_c_name_address='sed -n -e '\''s/^: \([^ ]*\)[ ]*$/  {\"\1\", (void *) 0},/p'\'' -e '\''s/^[ABCDGIRSTW]* \([^ ]*\) \([^ ]*\)$/  {"\2", (void *) \&\2},/p'\'''
lt_cv_sys_global_symbol_to_c_name_address_lib_prefix='sed -n -e '\''s/^: \([^ ]*\)[ ]*$/  {\"\1\", (void *) 0},/p'\'' -e '\''s/^[ABCDGIRSTW]* \([^ ]*\) \(lib[^ ]*\)$/  {"\2", (void *) \&\2},/p'\'' -e '\''s/^[ABCDGIRSTW]* \([^ ]*\) \([^ ]*\)$/  {"lib\2", (void *) \&\2},/p'\'''
lt_cv_sys_global_symbol_to_cdecl='sed -n -e '\''s/^T .* \(.*\)$/extern int \1();/p'\'' -e '\''s/^[ABCDGIRSTW]* .* \(.*\)$/extern char \1;/p'\'''
lt_cv_sys_max_cmd_len=1572864
lt_cv_to_host_file_cmd=func_convert_file_noop
lt_cv_to_tool_file_cmd=func_convert_file_noop

## ----------------- ##
## Output variables. ##
## ----------------- ##

ACLOCAL='${SHELL} /home/zcq/ARM_kernel-5.3.18_driver_itop4412/01_RTL8XXX_WIFI/libnl-3.2.23/build-aux/missing aclocal-1.13'
AMDEPBACKSLASH='\'
AMDEP_FALSE='#'
AMDEP_TRUE=''
AMTAR='$${TAR-tar}'
AM_BACKSLASH='\'
AM_DEFAULT_V='$(AM_DEFAULT_VERBOSITY)'
AM_DEFAULT_VERBOSITY='0'
AM_V='$(V)'
AR='arm-linux-gnueabihf-ar'
AUTOCONF='${SHELL} /home/zcq/ARM_kernel-5.3.18_driver_itop4412/01_RTL8XXX_WIFI/libnl-3.2.23/build-aux/missing autoconf'
AUTOHEADER='${SHELL} /home/zcq/ARM_kernel-5.3.18_driver_itop4412/01_RTL8XXX_WIFI/libnl-3.2.23/build-aux/missing autoheader'
AUTOMAKE='${SHELL} /home/zcq/ARM_kernel-5.3.18_driver_itop4412/01_RTL8XXX_WIFI/libnl-3.2.23/build-aux/missing automake-1.13'
AWK='gawk'
CC='arm-linux-gnueabihf-gcc'
CCDEPMODE='depmode=gcc3'
CFLAGS='-g -O2'
CHECK_CFLAGS=''
CHECK_LIBS=''
CPP='arm-linux-gnueabihf-gcc -E'
CPPFLAGS=''
CYGPATH_W='echo'
DEFS='-DHAVE_CONFIG_H'
DEPDIR='.deps'
DISABLE_PTHREADS_FALSE=''
DISABLE_PTHREADS_TRUE='#'
DLLTOOL='false'
DSYMUTIL=''
DUMPBIN=''
ECHO_C=''
ECHO_N='-n'
ECHO_T=''
EGREP='/usr/bin/grep -E'
ENABLE_CLI_FALSE='#'
ENABLE_CLI_TRUE=''
ENABLE_DEBUG_FALSE=''
ENABLE_DEBUG_TRUE='#'
ENABLE_UNIT_TESTS_FALSE=''
ENABLE_UNIT_TESTS_TRUE='#'
EXEEXT=''
FGREP='/usr/bin/grep -F'
FLEX='flex'
GREP='/usr/bin/grep'
INSTALL_DATA='${INSTALL} -m 644'
INSTALL_PROGRAM='${INSTALL}'
INSTALL_SCRIPT='${INSTALL}'
INSTALL_STRIP_PROGRAM='$(install_sh) -c -s'
LD='/home/zcq/Arm_tool_x86_64_linux/gcc-linaro-4.9.4-2017.01-x86_64_arm-linux-gnueabihf/arm-linux-gnueabihf/bin/ld'
LDFLAGS=''
LIBNL_VERSION='3.2.23'
LIBOBJS=''
LIBS='-lpthread -lm '
LIBTOOL='$(SHELL) $(top_builddir)/libtool'
LIPO=''
LN_S='ln -s'
LTLIBOBJS=''
LT_AGE='18'
LT_CURRENT='218'
LT_REVISION='0'
MAJ_VERSION='3'
MAKEINFO='${SHELL} /home/zcq/ARM_kernel-5.3.18_driver_itop4412/01_RTL8XXX_WIFI/libnl-3.2.23/build-aux/missing makeinfo'
MANIFEST_TOOL=':'
MIC_VERSION='23'
MIN_VERSION='2'
MKDIR_P='/usr/bin/mkdir -p'
NM='/home/zcq/Arm_tool_x86_64_linux/gcc-linaro-4.9.4-2017.01-x86_64_arm-linux-gnueabihf/bin/arm-linux-gnueabihf-nm -B'
NMEDIT=''
OBJDUMP='arm-linux-gnueabihf-objdump'
OBJEXT='o'
OTOOL64=''
OTOOL=''
PACKAGE='libnl'
PACKAGE_BUGREPORT=''
PACKAGE_NAME='libnl'
PACKAGE_STRING='libnl 3.2.23'
PACKAGE_TARNAME='libnl'
PACKAGE_URL='http://www.infradead.org/~tgr/libnl/'
PACKAGE_VERSION='3.2.23'
PATH_SEPARATOR=':'
PKG_CONFIG='/usr/bin/pkg-config'
PKG_CONFIG_LIBDIR=''
PKG_CONFIG_PATH=''
RANLIB='arm-linux-gnueabihf-ranlib'
SED='/usr/bin/sed'
SET_MAKE=''
SHELL='/bin/bash'
STRIP='arm-linux-gnueabihf-strip'
VERSION='3.2.23'
YACC='bison -y'
ac_ct_AR=''
ac_ct_CC=''
ac_ct_DUMPBIN=''
am__EXEEXT_FALSE=''
am__EXEEXT_TRUE='#'
am__fastdepCC_FALSE='#'
am__fastdepCC_TRUE=''
am__include='include'
am__isrc=''
am__leading_dot='.'
am__nodep='_no'
am__quote=''
am__tar='$${TAR-tar} chof - "$$tardir"'
am__untar='$${TAR-tar} xf -'
bindir='${exec_prefix}/bin'
build='x86_64-unknown-linux-gnu'
build_alias=''
build_cpu='x86_64'
build_os='linux-gnu'
build_vendor='unknown'
datadir='${datarootdir}'
datarootdir='${prefix}/share'
docdir='${datarootdir}/doc/${PACKAGE_TARNAME}'
dvidir='${docdir}'
exec_prefix='${prefix}'
host='arm-unknown-linux-gnueabihf'
host_alias='arm-linux-gnueabihf'
host_cpu='arm'
host_os='linux-gnueabihf'
host_vendor='unknown'
htmldir='${docdir}'
includedir='${prefix}/include'
infodir='${datarootdir}/info'
install_sh='${SHELL} /home/zcq/ARM_kernel-5.3.18_driver_itop4412/01_RTL8XXX_WIFI/libnl-3.2.23/build-aux/install-sh'
libdir='${exec_prefix}/lib'
libexecdir='${exec_prefix}/libexec'
localedir='${datarootdir}/locale'
localstatedir='${prefix}/var'
mandir='${datarootdir}/man'
mkdir_p='$(MKDIR_P)'
oldincludedir='/usr/include'
pdfdir='${docdir}'
pkgconfigdir='${libdir}/pkgconfig'
prefix='/home/zcq/ARM_kernel-5.3.18_driver_itop4412/01_RTL8XXX_WIFI/libnl-3.2.23/zcq_prefix'
program_transform_name='s,x,x,'
psdir='${docdir}'
sbindir='${exec_prefix}/sbin'
sharedstatedir='${prefix}/com'
subdirs=' doc'
sysconfdir='${prefix}/etc'
target_alias=''

## ----------- ##
## confdefs.h. ##
## ----------- ##

/* confdefs.h */
#define PACKAGE_NAME "libnl"
#define PACKAGE_TARNAME "libnl"
#define PACKAGE_VERSION "3.2.23"
#define PACKAGE_STRING "libnl 3.2.23"
#define PACKAGE_BUGREPORT ""
#define PACKAGE_URL "http://www.infradead.org/~tgr/libnl/"
#define PACKAGE "libnl"
#define VERSION "3.2.23"
#define STDC_HEADERS 1
#define HAVE_SYS_TYPES_H 1
#define HAVE_SYS_STAT_H 1
#define HAVE_STDLIB_H 1
#define HAVE_STRING_H 1
#define HAVE_MEMORY_H 1
#define HAVE_STRINGS_H 1
#define HAVE_INTTYPES_H 1
#define HAVE_STDINT_H 1
#define HAVE_UNISTD_H 1
#define HAVE_DLFCN_H 1
#define LT_OBJDIR ".libs/"
#define HAVE_LIBM 1
#define HAVE_LIBPTHREAD 1
#define NL_DEBUG 1

configure: exit 0
